[35m[1mScanning dependencies of target std_msgs_generate_messages_cpp[0m
[35m[1mScanning dependencies of target std_msgs_generate_messages_py[0m
[35m[1mScanning dependencies of target std_msgs_generate_messages_lisp[0m
[35m[1mScanning dependencies of target std_msgs_generate_messages_nodejs[0m
[35m[1mScanning dependencies of target std_msgs_generate_messages_eus[0m
[  0%] Built target std_msgs_generate_messages_cpp
[  0%] Built target std_msgs_generate_messages_py
[  0%] Built target std_msgs_generate_messages_lisp
[  0%] Built target std_msgs_generate_messages_eus
[  0%] Built target std_msgs_generate_messages_nodejs
[35m[1mScanning dependencies of target beginner_tutorials_generate_messages_eus[0m
[35m[1mScanning dependencies of target beginner_tutorials_generate_messages_cpp[0m
[35m[1mScanning dependencies of target beginner_tutorials_generate_messages_py[0m
[35m[1mScanning dependencies of target beginner_tutorials_generate_messages_lisp[0m
[35m[1mScanning dependencies of target beginner_tutorials_generate_messages_nodejs[0m
[  0%] Built target beginner_tutorials_generate_messages_cpp
[  0%] Built target beginner_tutorials_generate_messages_py
[  0%] Built target beginner_tutorials_generate_messages_lisp
[ 20%] [34m[1mGenerating EusLisp manifest code for beginner_tutorials[0m
[ 20%] Built target beginner_tutorials_generate_messages_nodejs
[35m[1mScanning dependencies of target talker[0m
[35m[1mScanning dependencies of target listener[0m
[ 40%] [32mBuilding CXX object CMakeFiles/talker.dir/src/talker.cpp.o[0m
[ 60%] [32mBuilding CXX object CMakeFiles/listener.dir/src/listener.cpp.o[0m
[ 60%] Built target beginner_tutorials_generate_messages_eus
[35m[1mScanning dependencies of target beginner_tutorials_generate_messages[0m
[ 60%] Built target beginner_tutorials_generate_messages
[ 80%] [32m[1mLinking CXX executable /home/gnort/Work/WS/devel/.private/beginner_tutorials/lib/beginner_tutorials/talker[0m
[ 80%] Built target talker
[100%] [32m[1mLinking CXX executable /home/gnort/Work/WS/devel/.private/beginner_tutorials/lib/beginner_tutorials/listener[0m
[100%] Built target listener
